<?xml version="1.0" encoding="UTF-8"?>
<testng-results ignored="0" total="1" passed="1" failed="0" skipped="0">
  <reporter-output>
  </reporter-output>
  <suite started-at="2022-03-24T13:04:30 IST" name="Suite1" finished-at="2022-03-24T13:04:36 IST" duration-ms="6128">
    <groups>
    </groups>
    <test started-at="2022-03-24T13:04:30 IST" name="elementScreenshot" finished-at="2022-03-24T13:04:36 IST" duration-ms="6128">
      <class name="com.qa.testng.TC_OrangeHRMlogoSS">
        <test-method is-config="true" signature="setUp(java.lang.String,java.lang.String)[pri:0, instance:com.qa.testng.TC_OrangeHRMlogoSS@34f5090e]" started-at="2022-03-24T13:04:30 IST" name="setUp" finished-at="2022-03-24T13:04:36 IST" duration-ms="5623" status="PASS">
          <params>
            <param index="0">
              <value>
                <![CDATA[Chrome]]>
              </value>
            </param>
            <param index="1">
              <value>
                <![CDATA[https://opensource-demo.orangehrmlive.com/]]>
              </value>
            </param>
          </params>
          <reporter-output>
          </reporter-output>
        </test-method> <!-- setUp -->
        <test-method signature="elementScreenshot()[pri:1, instance:com.qa.testng.TC_OrangeHRMlogoSS@34f5090e]" started-at="2022-03-24T13:04:36 IST" name="elementScreenshot" finished-at="2022-03-24T13:04:36 IST" duration-ms="160" status="PASS">
          <reporter-output>
          </reporter-output>
        </test-method> <!-- elementScreenshot -->
        <test-method is-config="true" signature="tearDown()[pri:0, instance:com.qa.testng.TC_OrangeHRMlogoSS@34f5090e]" started-at="2022-03-24T13:04:36 IST" name="tearDown" finished-at="2022-03-24T13:04:36 IST" duration-ms="215" status="PASS">
          <reporter-output>
          </reporter-output>
        </test-method> <!-- tearDown -->
      </class> <!-- com.qa.testng.TC_OrangeHRMlogoSS -->
    </test> <!-- elementScreenshot -->
  </suite> <!-- Suite1 -->
</testng-results>
