<?xml version="1.0" encoding="UTF-8"?>
<testng-results ignored="0" total="1" passed="1" failed="0" skipped="0">
  <reporter-output>
    <line>
      <![CDATA[One Way Radio Button is not selected by Default]]>
    </line>
  </reporter-output>
  <suite started-at="2022-03-25T08:59:25 IST" name="Suite1" finished-at="2022-03-25T08:59:50 IST" duration-ms="24285">
    <groups>
    </groups>
    <test started-at="2022-03-25T08:59:25 IST" name="verifysearchFlightsTest" finished-at="2022-03-25T08:59:50 IST" duration-ms="24285">
      <class name="com.qa.testng.TC_ClearTrip_001">
        <test-method is-config="true" signature="setUp(java.lang.String,java.lang.String)[pri:0, instance:com.qa.testng.TC_ClearTrip_001@209da20d]" started-at="2022-03-25T08:59:25 IST" name="setUp" finished-at="2022-03-25T08:59:31 IST" duration-ms="5078" status="PASS">
          <params>
            <param index="0">
              <value>
                <![CDATA[Chrome]]>
              </value>
            </param>
            <param index="1">
              <value>
                <![CDATA[https://www.cleartrip.com/flights]]>
              </value>
            </param>
          </params>
          <reporter-output>
          </reporter-output>
        </test-method> <!-- setUp -->
        <test-method signature="verifysearchFlightsTest(java.lang.String,java.lang.String)[pri:0, instance:com.qa.testng.TC_ClearTrip_001@209da20d]" started-at="2022-03-25T08:59:31 IST" name="verifysearchFlightsTest" data-provider="getData" finished-at="2022-03-25T08:59:49 IST" duration-ms="18138" status="PASS">
          <params>
            <param index="0">
              <value>
                <![CDATA[BLR - Bangalore, IN]]>
              </value>
            </param>
            <param index="1">
              <value>
                <![CDATA[HYD - Hyderabad, IN]]>
              </value>
            </param>
          </params>
          <reporter-output>
            <line>
              <![CDATA[One Way Radio Button is not selected by Default]]>
            </line>
          </reporter-output>
        </test-method> <!-- verifysearchFlightsTest -->
        <test-method is-config="true" signature="tearDown()[pri:0, instance:com.qa.testng.TC_ClearTrip_001@209da20d]" started-at="2022-03-25T08:59:49 IST" name="tearDown" finished-at="2022-03-25T08:59:50 IST" duration-ms="249" status="PASS">
          <reporter-output>
          </reporter-output>
        </test-method> <!-- tearDown -->
      </class> <!-- com.qa.testng.TC_ClearTrip_001 -->
    </test> <!-- verifysearchFlightsTest -->
  </suite> <!-- Suite1 -->
</testng-results>
